<?xml version="1.0" encoding="UTF-8"?>
<!-- Generated by org.testng.reporters.JUnitReportReporter -->
<testsuite hostname="LAPTOP-SK1OSAKQ" failures="0" tests="1" name="Question3.VerifyItemInCart_Test" time="10.646" errors="0" timestamp="2023-12-08T13:54:47 IST" skipped="0">
  <testcase classname="Question3.VerifyItemInCart_Test" name="verifyItem" time="10.646"/>
</testsuite> <!-- Question3.VerifyItemInCart_Test -->
