<?xml version="1.0" encoding="UTF-8"?>
<!-- Generated by org.testng.reporters.JUnitReportReporter -->
<testsuite hostname="LAPTOP-SK1OSAKQ" failures="0" tests="1" name="Test.VerifyItemInCart_Test" time="7.234" errors="0" timestamp="2024-01-09T13:33:11 IST" skipped="0">
  <testcase classname="Test.VerifyItemInCart_Test" name="verifyItem" time="7.234"/>
  <system-out/>
</testsuite> <!-- Test.VerifyItemInCart_Test -->
